<?xml version="1.0" encoding="UTF-8"?>
<testsuite xmlns:xsi="http://www.w3.org/2001/XMLSchema-instance" xsi:noNamespaceSchemaLocation="https://maven.apache.org/surefire/maven-surefire-plugin/xsd/surefire-test-report.xsd" name="com.sb.sys.dao.test.SysLogDaoTest" time="0.178" tests="4" errors="0" skipped="0" failures="0">
  <properties>
[...]
</properties>
  <testcase name="doFindCountTest" classname="com.sb.sys.dao.test.SysLogDaoTest" time="0.056"/>
  <testcase name="deleteObjectsTest" classname="com.sb.sys.dao.test.SysLogDaoTest" time="0.028"/>
  <testcase name="doFindSysLogsTest" classname="com.sb.sys.dao.test.SysLogDaoTest" time="0.009"/>
  <testcase name="insertObjectTest" classname="com.sb.sys.dao.test.SysLogDaoTest" time="0.083"/>
</testsuite>